#
# A fatal error has been detected by the Java Runtime Environment:
#
#  SIGSEGV (0xb) at pc=0x000000010d988e43, pid=51183, tid=57607
#
# JRE version: Java(TM) SE Runtime Environment (8.0_91-b14) (build 1.8.0_91-b14)
# Java VM: Java HotSpot(TM) 64-Bit Server VM (25.91-b14 mixed mode bsd-amd64 compressed oops)
# Problematic frame:
# C  [libawt_lwawt.dylib+0x1ae43]  OGLSD_SetScratchSurface+0x49
#
# Failed to write core dump. Core dumps have been disabled. To enable core dumping, try "ulimit -c unlimited" before starting Java again
#
# If you would like to submit a bug report, please visit:
#   http://bugreport.java.com/bugreport/crash.jsp
# The crash happened outside the Java Virtual Machine in native code.
# See problematic frame for where to report the bug.
#

---------------  T H R E A D  ---------------

Current thread (0x00007fe654a12800):  JavaThread "Java2D Queue Flusher" daemon [_thread_in_native, id=57607, stack(0x0000700007680000,0x0000700007780000)]

siginfo: si_signo: 11 (SIGSEGV), si_code: 1 (SEGV_MAPERR), si_addr: 0x0000000000000002

Registers:
RAX=0x00000000ffffffff, RBX=0x0000000000000002, RCX=0x0000000000000047, RDX=0x000000010d9a98ec
RSP=0x000070000777f810, RBP=0x000070000777f830, RSI=0x00007fe653e8f770, RDI=0x00007fe654a129f8
R8 =0x0000000000000020, R9 =0x0000000000000000, R10=0x000000010fdc50b8, R11=0x00000000d8004729
R12=0x0000000000000000, R13=0x00000006c0030e48, R14=0x00007fe654a129f8, R15=0x00007fe654a12800
RIP=0x000000010d988e43, EFLAGS=0x0000000000010202, ERR=0x0000000000000004
  TRAPNO=0x000000000000000e

Top of Stack: (sp=0x000070000777f810)
0x000070000777f810:   00007fe653e8f770 0000000000000000
0x000070000777f820:   00007fe654a3be10 00007fe654a12800
0x000070000777f830:   000070000777f8b0 000000010d9a93ca
0x000070000777f840:   0000000000000064 00007fe653e89c08
0x000070000777f850:   000070000777f8b0 000000010714dc60
0x000070000777f860:   0000000000000005 00007fe654a12800
0x000070000777f870:   00000006c0030e01 00007fe654a3be20
0x000070000777f880:   000070000077f800 00007fe654a129f8
0x000070000777f890:   0000000000000000 0000000000000000
0x000070000777f8a0:   000070000777f908 00007fe654a12800
0x000070000777f8b0:   000070000777f900 000000010fdc512a
0x000070000777f8c0:   00000006c0023930 000070000777f908
0x000070000777f8d0:   0000000196c52f70 0000000000000000
0x000070000777f8e0:   0000000196c62f80 0000000000000000
0x000070000777f8f0:   000070000777f910 00000006c0030e48
0x000070000777f900:   00000000d8004726 000000011062b9cc
0x000070000777f910:   00000006c0023930 0000000000000000
0x000070000777f920:   00000006c0030e48 0000000000000000
0x000070000777f930:   00000006c0030e48 000070000777f9d0
0x000070000777f940:   0000000000000001 0000000000000000
0x000070000777f950:   000070000777f9d0 000000010f8e97a7
0x000070000777f960:   00000006c003da68 00000006c003da68
0x000070000777f970:   0000700000001fa0 000000000000000a
0x000070000777f980:   00007fe654a12800 0000000000000001
0x000070000777f990:   000000010f8e971f 0000000109e3ae90
0x000070000777f9a0:   000070000777fa68 000070000777fd00
0x000070000777f9b0:   000000010000000a 0000000109e3ae90
0x000070000777f9c0:   000000010f8fc120 000070000777fc70
0x000070000777f9d0:   000070000777fb80 00000001070ec1e6
0x000070000777f9e0:   0000700000000001 00007fe654a12800
0x000070000777f9f0:   00007fe654a12800 000070000777fd00
0x000070000777fa00:   00007fe653e89c00 000000010f8fc120 

Instructions: (pc=0x000000010d988e43)
0x000000010d988e23:   c0 e9 82 00 00 00 48 8b 5e 10 48 85 db 75 0e bf
0x000000010d988e33:   01 00 00 00 48 8d 15 fd 75 03 00 eb d6 49 89 fe
0x000000010d988e43:   4c 8b 3b 30 c0 e8 c5 a2 02 00 49 8b 3f 49 89 c4
0x000000010d988e53:   48 8b 35 ae f7 05 00 30 c0 e8 cb a3 02 00 48 85 

Register to memory mapping:

RAX=0x00000000ffffffff is an unknown value
RBX=0x0000000000000002 is an unknown value
RCX=0x0000000000000047 is an unknown value
RDX=0x000000010d9a98ec: Java_sun_java2d_opengl_OGLRenderQueue_flushBuffer+0xb5c in /Library/Java/JavaVirtualMachines/jdk1.8.0_91.jdk/Contents/Home/jre/lib/libawt_lwawt.dylib at 0x000000010d96e000
RSP=0x000070000777f810 is pointing into the stack for thread: 0x00007fe654a12800
RBP=0x000070000777f830 is pointing into the stack for thread: 0x00007fe654a12800
RSI=0x00007fe653e8f770 is an unknown value
RDI=0x00007fe654a129f8 is an unknown value
R8 =0x0000000000000020 is an unknown value
R9 =0x0000000000000000 is an unknown value
R10=0x000000010fdc50b8 is at entry_point+56 in (nmethod*)0x000000010fdc4f10
R11=0x00000000d8004729 is an unknown value
R12=0x0000000000000000 is an unknown value
R13=0x00000006c0030e48 is an oop
sun.java2d.opengl.OGLRenderQueue$QueueFlusher 
 - klass: 'sun/java2d/opengl/OGLRenderQueue$QueueFlusher'
R14=0x00007fe654a129f8 is an unknown value
R15=0x00007fe654a12800 is a thread


Stack: [0x0000700007680000,0x0000700007780000],  sp=0x000070000777f810,  free space=1022k
Native frames: (J=compiled Java code, j=interpreted, Vv=VM code, C=native code)
C  [libawt_lwawt.dylib+0x1ae43]  OGLSD_SetScratchSurface+0x49
C  [libawt_lwawt.dylib+0x3b3ca]  Java_sun_java2d_opengl_OGLRenderQueue_flushBuffer+0x63a
J 1573  sun.java2d.opengl.OGLRenderQueue.flushBuffer(JI)V (0 bytes) @ 0x000000010fdc512a [0x000000010fdc5080+0xaa]
J 4812% C2 sun.java2d.opengl.OGLRenderQueue$QueueFlusher.run()V (234 bytes) @ 0x000000011062b9cc [0x000000011062b780+0x24c]
v  ~StubRoutines::call_stub
V  [libjvm.dylib+0x2ec1e6]
V  [libjvm.dylib+0x2ec974]
V  [libjvm.dylib+0x2ecb20]
V  [libjvm.dylib+0x34726d]
V  [libjvm.dylib+0x563d17]
V  [libjvm.dylib+0x565412]
V  [libjvm.dylib+0x484f82]
C  [libsystem_pthread.dylib+0x3aab]  _pthread_body+0xb4
C  [libsystem_pthread.dylib+0x39f7]  _pthread_body+0x0
C  [libsystem_pthread.dylib+0x31fd]  thread_start+0xd
C  0x0000000000000000

Java frames: (J=compiled Java code, j=interpreted, Vv=VM code)
J 1573  sun.java2d.opengl.OGLRenderQueue.flushBuffer(JI)V (0 bytes) @ 0x000000010fdc50b8 [0x000000010fdc5080+0x38]
J 4812% C2 sun.java2d.opengl.OGLRenderQueue$QueueFlusher.run()V (234 bytes) @ 0x000000011062b9cc [0x000000011062b780+0x24c]
v  ~StubRoutines::call_stub

---------------  P R O C E S S  ---------------

Java Threads: ( => current thread )
  0x00007fe65cde8800 JavaThread "Service Status Monitor" [_thread_blocked, id=35175, stack(0x00007000073f4000,0x00007000074f4000)]
  0x00007fe655801800 JavaThread "Thread-1" [_thread_blocked, id=4671, stack(0x000070000757d000,0x000070000767d000)]
  0x00007fe658002800 JavaThread "DestroyJavaVM" [_thread_blocked, id=7171, stack(0x0000700005eb2000,0x0000700005fb2000)]
  0x00007fe654bf1800 JavaThread "TimerQueue" daemon [_thread_blocked, id=71483, stack(0x0000700007a8f000,0x0000700007b8f000)]
  0x00007fe654a8c000 JavaThread "AWT-EventQueue-0" [_thread_blocked, id=66575, stack(0x0000700007886000,0x0000700007986000)]
  0x00007fe65414e000 JavaThread "Java2D Disposer" daemon [_thread_blocked, id=60687, stack(0x0000700007783000,0x0000700007883000)]
=>0x00007fe654a12800 JavaThread "Java2D Queue Flusher" daemon [_thread_in_native, id=57607, stack(0x0000700007680000,0x0000700007780000)]
  0x00007fe6550fd000 JavaThread "AWT-Shutdown" [_thread_blocked, id=32287, stack(0x000070000726e000,0x000070000736e000)]
  0x00007fe6550f1000 JavaThread "AppKit Thread" daemon [_thread_in_native, id=775, stack(0x00007fff596e9000,0x00007fff59ee9000)]
  0x00007fe65485d800 JavaThread "Service Thread" daemon [_thread_blocked, id=21251, stack(0x0000700006fe5000,0x00007000070e5000)]
  0x00007fe655011000 JavaThread "C1 CompilerThread3" daemon [_thread_blocked, id=20739, stack(0x0000700006ee2000,0x0000700006fe2000)]
  0x00007fe654852000 JavaThread "C2 CompilerThread2" daemon [_thread_blocked, id=20227, stack(0x0000700006ddf000,0x0000700006edf000)]
  0x00007fe654849000 JavaThread "C2 CompilerThread1" daemon [_thread_blocked, id=19715, stack(0x0000700006cdc000,0x0000700006ddc000)]
  0x00007fe654847800 JavaThread "C2 CompilerThread0" daemon [_thread_blocked, id=19203, stack(0x0000700006bd9000,0x0000700006cd9000)]
  0x00007fe65480e000 JavaThread "Signal Dispatcher" daemon [_thread_blocked, id=18691, stack(0x0000700006ad6000,0x0000700006bd6000)]
  0x00007fe654834800 JavaThread "Finalizer" daemon [_thread_blocked, id=14595, stack(0x00007000069d3000,0x0000700006ad3000)]
  0x00007fe654831800 JavaThread "Reference Handler" daemon [_thread_blocked, id=14083, stack(0x00007000068d0000,0x00007000069d0000)]

Other Threads:
  0x00007fe65482d000 VMThread [stack: 0x00007000067cd000,0x00007000068cd000] [id=13571]
  0x00007fe654807800 WatcherThread [stack: 0x00007000070e8000,0x00007000071e8000] [id=21763]

VM state:not at safepoint (normal execution)

VM Mutex/Monitor currently owned by a thread: None

Heap:
 PSYoungGen      total 79872K, used 440K [0x000000076ab00000, 0x0000000779180000, 0x00000007c0000000)
  eden space 26112K, 1% used [0x000000076ab00000,0x000000076ab6e048,0x000000076c480000)
  from space 53760K, 0% used [0x000000076c480000,0x000000076c480000,0x000000076f900000)
  to   space 104960K, 0% used [0x0000000772b00000,0x0000000772b00000,0x0000000779180000)
 ParOldGen       total 125440K, used 31596K [0x00000006c0000000, 0x00000006c7a80000, 0x000000076ab00000)
  object space 125440K, 25% used [0x00000006c0000000,0x00000006c1edb130,0x00000006c7a80000)
 Metaspace       used 24764K, capacity 25054K, committed 25600K, reserved 1071104K
  class space    used 2973K, capacity 3042K, committed 3072K, reserved 1048576K

Card table byte_map: [0x0000000108189000,0x000000010898a000] byte_map_base: 0x0000000104b89000

Marking Bits: (ParMarkBitMap*) 0x00000001076e6eb0
 Begin Bits: [0x000000011e8e9000, 0x00000001228e9000)
 End Bits:   [0x00000001228e9000, 0x00000001268e9000)

Polling page: 0x0000000105dd4000

CodeCache: size=245760Kb used=15634Kb max_used=16024Kb free=230125Kb
 bounds [0x000000010f8e9000, 0x00000001108c9000, 0x000000011e8e9000]
 total_blobs=5059 nmethods=4427 adapters=542
 compilation: enabled

Compilation events (10 events):
Event: 128510.681 Thread 0x00007fe655011000 5719       3       java.lang.Class$ReflectionData::<init> (10 bytes)
Event: 128510.681 Thread 0x00007fe655011000 nmethod 5719 0x000000010fd68950 code [0x000000010fd68ac0, 0x000000010fd68c70]
Event: 128510.681 Thread 0x00007fe655011000 5720       3       java.lang.Class$Atomic::casReflectionData (13 bytes)
Event: 128510.681 Thread 0x00007fe655011000 nmethod 5720 0x000000010fbf3f10 code [0x000000010fbf4060, 0x000000010fbf41d0]
Event: 128518.279 Thread 0x00007fe654849000 5721       4       javax.swing.text.BoxView::getChildAllocation (66 bytes)
Event: 128518.285 Thread 0x00007fe654849000 nmethod 5721 0x000000010fed9510 code [0x000000010fed96a0, 0x000000010fed9a18]
Event: 128519.759 Thread 0x00007fe655011000 5722       3       arc.Ny::a (905 bytes)
Event: 128519.763 Thread 0x00007fe655011000 nmethod 5722 0x0000000110751410 code [0x0000000110751960, 0x00000001107556f8]
Event: 128519.763 Thread 0x00007fe655011000 5723       3       tcl.lang.NamespaceCmd::a (186 bytes)
Event: 128519.764 Thread 0x00007fe655011000 nmethod 5723 0x000000011049aa50 code [0x000000011049ad20, 0x000000011049c5a8]

GC Heap History (10 events):
Event: 97469.610 GC heap before
{Heap before GC invocations=12 (full 2):
 PSYoungGen      total 113664K, used 109657K [0x000000076ab00000, 0x0000000777600000, 0x00000007c0000000)
  eden space 47104K, 91% used [0x000000076ab00000,0x000000076d51bbb8,0x000000076d900000)
  from space 66560K, 99% used [0x000000076d980000,0x0000000771a7aa60,0x0000000771a80000)
  to   space 80384K, 0% used [0x0000000772780000,0x0000000772780000,0x0000000777600000)
 ParOldGen       total 126464K, used 79147K [0x00000006c0000000, 0x00000006c7b80000, 0x000000076ab00000)
  object space 126464K, 62% used [0x00000006c0000000,0x00000006c4d4af20,0x00000006c7b80000)
 Metaspace       used 24793K, capacity 25156K, committed 25600K, reserved 1071104K
  class space    used 2980K, capacity 3059K, committed 3072K, reserved 1048576K
Event: 97469.640 GC heap after
Heap after GC invocations=12 (full 2):
 PSYoungGen      total 123392K, used 59871K [0x000000076ab00000, 0x0000000777d80000, 0x00000007c0000000)
  eden space 43008K, 0% used [0x000000076ab00000,0x000000076ab00000,0x000000076d500000)
  from space 80384K, 74% used [0x0000000772780000,0x00000007761f7c40,0x0000000777600000)
  to   space 84480K, 0% used [0x000000076d500000,0x000000076d500000,0x0000000772780000)
 ParOldGen       total 126464K, used 89891K [0x00000006c0000000, 0x00000006c7b80000, 0x000000076ab00000)
  object space 126464K, 71% used [0x00000006c0000000,0x00000006c57c8dc8,0x00000006c7b80000)
 Metaspace       used 24793K, capacity 25156K, committed 25600K, reserved 1071104K
  class space    used 2980K, capacity 3059K, committed 3072K, reserved 1048576K
}
Event: 97580.912 GC heap before
{Heap before GC invocations=13 (full 2):
 PSYoungGen      total 123392K, used 101372K [0x000000076ab00000, 0x0000000777d80000, 0x00000007c0000000)
  eden space 43008K, 96% used [0x000000076ab00000,0x000000076d3876c0,0x000000076d500000)
  from space 80384K, 74% used [0x0000000772780000,0x00000007761f7c40,0x0000000777600000)
  to   space 84480K, 0% used [0x000000076d500000,0x000000076d500000,0x0000000772780000)
 ParOldGen       total 126464K, used 89891K [0x00000006c0000000, 0x00000006c7b80000, 0x000000076ab00000)
  object space 126464K, 71% used [0x00000006c0000000,0x00000006c57c8dc8,0x00000006c7b80000)
 Metaspace       used 24803K, capacity 25156K, committed 25600K, reserved 1071104K
  class space    used 2980K, capacity 3059K, committed 3072K, reserved 1048576K
Event: 97580.932 GC heap after
Heap after GC invocations=13 (full 2):
 PSYoungGen      total 126976K, used 74077K [0x000000076ab00000, 0x0000000778980000, 0x00000007c0000000)
  eden space 42496K, 0% used [0x000000076ab00000,0x000000076ab00000,0x000000076d480000)
  from space 84480K, 87% used [0x000000076d500000,0x0000000771d57638,0x0000000772780000)
  to   space 92672K, 0% used [0x0000000772f00000,0x0000000772f00000,0x0000000778980000)
 ParOldGen       total 126464K, used 89891K [0x00000006c0000000, 0x00000006c7b80000, 0x000000076ab00000)
  object space 126464K, 71% used [0x00000006c0000000,0x00000006c57c8dc8,0x00000006c7b80000)
 Metaspace       used 24803K, capacity 25156K, committed 25600K, reserved 1071104K
  class space    used 2980K, capacity 3059K, committed 3072K, reserved 1048576K
}
Event: 121335.189 GC heap before
{Heap before GC invocations=14 (full 2):
 PSYoungGen      total 126976K, used 113659K [0x000000076ab00000, 0x0000000778980000, 0x00000007c0000000)
  eden space 42496K, 93% used [0x000000076ab00000,0x000000076d1a7870,0x000000076d480000)
  from space 84480K, 87% used [0x000000076d500000,0x0000000771d57638,0x0000000772780000)
  to   space 92672K, 0% used [0x0000000772f00000,0x0000000772f00000,0x0000000778980000)
 ParOldGen       total 126464K, used 89891K [0x00000006c0000000, 0x00000006c7b80000, 0x000000076ab00000)
  object space 126464K, 71% used [0x00000006c0000000,0x00000006c57c8dc8,0x00000006c7b80000)
 Metaspace       used 24809K, capacity 25156K, committed 25600K, reserved 1071104K
  class space    used 2980K, capacity 3059K, committed 3072K, reserved 1048576K
Event: 121335.508 GC heap after
Heap after GC invocations=14 (full 2):
 PSYoungGen      total 118784K, used 92647K [0x000000076ab00000, 0x000000077a900000, 0x00000007c0000000)
  eden space 26112K, 0% used [0x000000076ab00000,0x000000076ab00000,0x000000076c480000)
  from space 92672K, 99% used [0x0000000772f00000,0x0000000778979c40,0x0000000778980000)
  to   space 109056K, 0% used [0x000000076c480000,0x000000076c480000,0x0000000772f00000)
 ParOldGen       total 126464K, used 97356K [0x00000006c0000000, 0x00000006c7b80000, 0x000000076ab00000)
  object space 126464K, 76% used [0x00000006c0000000,0x00000006c5f132a8,0x00000006c7b80000)
 Metaspace       used 24809K, capacity 25156K, committed 25600K, reserved 1071104K
  class space    used 2980K, capacity 3059K, committed 3072K, reserved 1048576K
}
Event: 128519.764 GC heap before
{Heap before GC invocations=15 (full 2):
 PSYoungGen      total 118784K, used 118752K [0x000000076ab00000, 0x000000077a900000, 0x00000007c0000000)
  eden space 26112K, 99% used [0x000000076ab00000,0x000000076c47e730,0x000000076c480000)
  from space 92672K, 99% used [0x0000000772f00000,0x0000000778979c40,0x0000000778980000)
  to   space 109056K, 0% used [0x000000076c480000,0x000000076c480000,0x0000000772f00000)
 ParOldGen       total 126464K, used 97356K [0x00000006c0000000, 0x00000006c7b80000, 0x000000076ab00000)
  object space 126464K, 76% used [0x00000006c0000000,0x00000006c5f132a8,0x00000006c7b80000)
 Metaspace       used 24829K, capacity 25156K, committed 25600K, reserved 1071104K
  class space    used 2982K, capacity 3059K, committed 3072K, reserved 1048576K
Event: 128519.807 GC heap after
Heap after GC invocations=15 (full 2):
 PSYoungGen      total 79872K, used 53602K [0x000000076ab00000, 0x0000000779180000, 0x00000007c0000000)
  eden space 26112K, 0% used [0x000000076ab00000,0x000000076ab00000,0x000000076c480000)
  from space 53760K, 99% used [0x000000076c480000,0x000000076f8d88b8,0x000000076f900000)
  to   space 104960K, 0% used [0x0000000772b00000,0x0000000772b00000,0x0000000779180000)
 ParOldGen       total 128512K, used 128102K [0x00000006c0000000, 0x00000006c7d80000, 0x000000076ab00000)
  object space 128512K, 99% used [0x00000006c0000000,0x00000006c7d19810,0x00000006c7d80000)
 Metaspace       used 24829K, capacity 25156K, committed 25600K, reserved 1071104K
  class space    used 2982K, capacity 3059K, committed 3072K, reserved 1048576K
}
Event: 128519.807 GC heap before
{Heap before GC invocations=16 (full 3):
 PSYoungGen      total 79872K, used 53602K [0x000000076ab00000, 0x0000000779180000, 0x00000007c0000000)
  eden space 26112K, 0% used [0x000000076ab00000,0x000000076ab00000,0x000000076c480000)
  from space 53760K, 99% used [0x000000076c480000,0x000000076f8d88b8,0x000000076f900000)
  to   space 104960K, 0% used [0x0000000772b00000,0x0000000772b00000,0x0000000779180000)
 ParOldGen       total 128512K, used 128102K [0x00000006c0000000, 0x00000006c7d80000, 0x000000076ab00000)
  object space 128512K, 99% used [0x00000006c0000000,0x00000006c7d19810,0x00000006c7d80000)
 Metaspace       used 24829K, capacity 25156K, committed 25600K, reserved 1071104K
  class space    used 2982K, capacity 3059K, committed 3072K, reserved 1048576K
Event: 128520.129 GC heap after
Heap after GC invocations=16 (full 3):
 PSYoungGen      total 79872K, used 0K [0x000000076ab00000, 0x0000000779180000, 0x00000007c0000000)
  eden space 26112K, 0% used [0x000000076ab00000,0x000000076ab00000,0x000000076c480000)
  from space 53760K, 0% used [0x000000076c480000,0x000000076c480000,0x000000076f900000)
  to   space 104960K, 0% used [0x0000000772b00000,0x0000000772b00000,0x0000000779180000)
 ParOldGen       total 125440K, used 31596K [0x00000006c0000000, 0x00000006c7a80000, 0x000000076ab00000)
  object space 125440K, 25% used [0x00000006c0000000,0x00000006c1edb130,0x00000006c7a80000)
 Metaspace       used 24764K, capacity 25054K, committed 25600K, reserved 1071104K
  class space    used 2973K, capacity 3042K, committed 3072K, reserved 1048576K
}

Deoptimization events (10 events):
Event: 97439.054 Thread 0x00007fe654a8c000 Uncommon trap: reason=bimorphic action=maybe_recompile pc=0x00000001105bc25c method=javax.swing.text.Utilities.isComposedTextAttributeDefined(Ljavax/swing/text/AttributeSet;)Z @ 8
Event: 97469.585 Thread 0x00007fe655801800 Uncommon trap: reason=unstable_if action=reinterpret pc=0x000000011060f47c method=arc.ra.c(Ljava/lang/String;)V @ 24
Event: 121334.934 Thread 0x00007fe6550f1000 Uncommon trap: reason=class_check action=maybe_recompile pc=0x0000000110077abc method=java.util.HashMap.removeNode(ILjava/lang/Object;Ljava/lang/Object;ZZ)Ljava/util/HashMap$Node; @ 68
Event: 121337.079 Thread 0x00007fe6550f1000 Uncommon trap: reason=class_check action=maybe_recompile pc=0x0000000110077abc method=java.util.HashMap.removeNode(ILjava/lang/Object;Ljava/lang/Object;ZZ)Ljava/util/HashMap$Node; @ 68
Event: 121337.517 Thread 0x00007fe654a8c000 Uncommon trap: reason=unstable_if action=reinterpret pc=0x0000000110760208 method=sun.java2d.pipe.DrawImage.scaleImage(Lsun/java2d/SunGraphics2D;Ljava/awt/Image;IIIILjava/awt/Color;)Z @ 92
Event: 121337.519 Thread 0x00007fe654a8c000 Uncommon trap: reason=unstable_if action=reinterpret pc=0x0000000110737314 method=sun.java2d.pipe.DrawImage.tryCopyOrScale(Lsun/java2d/SunGraphics2D;Ljava/awt/Image;IIIILjava/awt/Color;I[D)Z @ 253
Event: 121337.530 Thread 0x00007fe654a8c000 Uncommon trap: reason=bimorphic action=maybe_recompile pc=0x000000010fb2cae0 method=sun.java2d.SunGraphics2D.drawHiDPIImage(Ljava/awt/Image;IIIIIIIILjava/awt/Color;Ljava/awt/image/ImageObserver;)Z @ 264
Event: 121337.531 Thread 0x00007fe654a8c000 Uncommon trap: reason=unstable_if action=reinterpret pc=0x0000000110794b30 method=sun.java2d.pipe.DrawImage.scaleImage(Lsun/java2d/SunGraphics2D;Ljava/awt/Image;IIIIIIIILjava/awt/Color;)Z @ 251
Event: 121337.537 Thread 0x00007fe654a8c000 Uncommon trap: reason=unstable_if action=reinterpret pc=0x000000011043dea0 method=sun.java2d.pipe.BufferedContext.validate(Lsun/java2d/pipe/hw/AccelSurface;Lsun/java2d/pipe/hw/AccelSurface;Lsun/java2d/pipe/Region;Ljava/awt/Composite;Ljava/awt/geom/AffineT
Event: 127968.728 Thread 0x00007fe655801800 Uncommon trap: reason=null_check action=make_not_entrant pc=0x000000011049da14 method=tcl.lang.NamespaceCmd.a(Larc/Mr;Ljava/lang/String;Larc/Mz;I)Larc/NC; @ 138

Internal exceptions (10 events):
Event: 27942.006 Thread 0x00007fe655801800 Exception <a 'sun/net/ConnectionResetException': Connection reset> (0x000000076c0cba28) thrown at [/Users/java_re/workspace/8-2-build-macosx-x86_64/jdk8u91/6644/hotspot/src/share/vm/prims/jni.cpp, line 735]
Event: 82111.475 Thread 0x00007fe654a8c000 Implicit null exception at 0x000000011018319e to 0x0000000110183f65
Event: 94616.665 Thread 0x00007fe655801800 Exception <a 'java/io/FileNotFoundException'> (0x000000076c34b438) thrown at [/Users/java_re/workspace/8-2-build-macosx-x86_64/jdk8u91/6644/hotspot/src/share/vm/prims/jni.cpp, line 709]
Event: 94616.665 Thread 0x00007fe655801800 Exception <a 'java/io/FileNotFoundException'> (0x000000076c4eea28) thrown at [/Users/java_re/workspace/8-2-build-macosx-x86_64/jdk8u91/6644/hotspot/src/share/vm/prims/jni.cpp, line 709]
Event: 94616.665 Thread 0x00007fe655801800 Exception <a 'java/io/FileNotFoundException'> (0x000000076c4ef4d0) thrown at [/Users/java_re/workspace/8-2-build-macosx-x86_64/jdk8u91/6644/hotspot/src/share/vm/prims/jni.cpp, line 709]
Event: 94616.665 Thread 0x00007fe655801800 Exception <a 'java/io/FileNotFoundException'> (0x000000076c4effc0) thrown at [/Users/java_re/workspace/8-2-build-macosx-x86_64/jdk8u91/6644/hotspot/src/share/vm/prims/jni.cpp, line 709]
Event: 94616.665 Thread 0x00007fe655801800 Exception <a 'java/io/FileNotFoundException'> (0x000000076c4f0c60) thrown at [/Users/java_re/workspace/8-2-build-macosx-x86_64/jdk8u91/6644/hotspot/src/share/vm/prims/jni.cpp, line 709]
Event: 97438.916 Thread 0x00007fe654a8c000 Implicit null exception at 0x000000011030cbb8 to 0x000000011030ce45
Event: 97469.481 Thread 0x00007fe655801800 Exception <a 'sun/net/ConnectionResetException': Connection reset> (0x000000076beae1f0) thrown at [/Users/java_re/workspace/8-2-build-macosx-x86_64/jdk8u91/6644/hotspot/src/share/vm/prims/jni.cpp, line 735]
Event: 121337.537 Thread 0x00007fe654a8c000 Implicit null exception at 0x000000011043b984 to 0x000000011043de7d

Events (10 events):
Event: 128520.131 Executing VM operation: RevokeBias
Event: 128520.131 Executing VM operation: RevokeBias done
Event: 128520.131 Executing VM operation: RevokeBias
Event: 128520.131 Executing VM operation: RevokeBias done
Event: 128520.134 Executing VM operation: RevokeBias
Event: 128520.135 Executing VM operation: RevokeBias done
Event: 128520.135 Executing VM operation: RevokeBias
Event: 128520.136 Executing VM operation: RevokeBias done
Event: 128520.136 Executing VM operation: RevokeBias
Event: 128520.136 Executing VM operation: RevokeBias done


Dynamic libraries:
0x000000000ec1e000 	/System/Library/Frameworks/Cocoa.framework/Versions/A/Cocoa
0x000000000ec1e000 	/System/Library/Frameworks/Security.framework/Versions/A/Security
0x000000000ec1e000 	/System/Library/Frameworks/ApplicationServices.framework/Versions/A/ApplicationServices
0x000000000ec1e000 	/usr/lib/libz.1.dylib
0x000000000ec1e000 	/usr/lib/libSystem.B.dylib
0x000000000ec1e000 	/usr/lib/libobjc.A.dylib
0x000000000ec1e000 	/System/Library/Frameworks/CoreFoundation.framework/Versions/A/CoreFoundation
0x000000000ec1e000 	/System/Library/Frameworks/Foundation.framework/Versions/C/Foundation
0x000000000ec1e000 	/System/Library/Frameworks/AppKit.framework/Versions/C/AppKit
0x000000000ec1e000 	/System/Library/Frameworks/CoreData.framework/Versions/A/CoreData
0x000000000ec1e000 	/System/Library/PrivateFrameworks/RemoteViewServices.framework/Versions/A/RemoteViewServices
0x000000000ec1e000 	/System/Library/PrivateFrameworks/UIFoundation.framework/Versions/A/UIFoundation
0x000000000ec1e000 	/System/Library/PrivateFrameworks/DFRFoundation.framework/Versions/A/DFRFoundation
0x000000000ec1e000 	/usr/lib/libenergytrace.dylib
0x000000000ec1e000 	/System/Library/PrivateFrameworks/SkyLight.framework/Versions/A/SkyLight
0x000000000ec1e000 	/System/Library/Frameworks/CoreGraphics.framework/Versions/A/CoreGraphics
0x000000000ec1e000 	/usr/lib/libScreenReader.dylib
0x000000000ec1e000 	/System/Library/Frameworks/Accelerate.framework/Versions/A/Accelerate
0x000000000ec1e000 	/System/Library/Frameworks/IOSurface.framework/Versions/A/IOSurface
0x000000000ec1e000 	/System/Library/Frameworks/AudioToolbox.framework/Versions/A/AudioToolbox
0x000000000ec1e000 	/System/Library/Frameworks/AudioUnit.framework/Versions/A/AudioUnit
0x000000000ec1e000 	/System/Library/PrivateFrameworks/DataDetectorsCore.framework/Versions/A/DataDetectorsCore
0x000000000ec1e000 	/System/Library/PrivateFrameworks/DesktopServicesPriv.framework/Versions/A/DesktopServicesPriv
0x000000000ec1e000 	/System/Library/Frameworks/Carbon.framework/Versions/A/Frameworks/HIToolbox.framework/Versions/A/HIToolbox
0x000000000ec1e000 	/usr/lib/libicucore.A.dylib
0x000000000ec1e000 	/System/Library/Frameworks/QuartzCore.framework/Versions/A/QuartzCore
0x000000000ec1e000 	/System/Library/Frameworks/Carbon.framework/Versions/A/Frameworks/SpeechRecognition.framework/Versions/A/SpeechRecognition
0x000000000ec1e000 	/usr/lib/libauto.dylib
0x000000000ec1e000 	/usr/lib/libxml2.2.dylib
0x000000000ec1e000 	/System/Library/PrivateFrameworks/CoreUI.framework/Versions/A/CoreUI
0x000000000ec1e000 	/System/Library/Frameworks/CoreAudio.framework/Versions/A/CoreAudio
0x000000000ec1e000 	/System/Library/Frameworks/DiskArbitration.framework/Versions/A/DiskArbitration
0x000000000ec1e000 	/usr/lib/liblangid.dylib
0x000000000ec1e000 	/System/Library/PrivateFrameworks/MultitouchSupport.framework/Versions/A/MultitouchSupport
0x000000000ec1e000 	/System/Library/Frameworks/IOKit.framework/Versions/A/IOKit
0x000000000ec1e000 	/usr/lib/libDiagnosticMessagesClient.dylib
0x000000000ec1e000 	/System/Library/Frameworks/CoreServices.framework/Versions/A/CoreServices
0x000000000ec1e000 	/System/Library/PrivateFrameworks/PerformanceAnalysis.framework/Versions/A/PerformanceAnalysis
0x000000000ec1e000 	/System/Library/PrivateFrameworks/GenerationalStorage.framework/Versions/A/GenerationalStorage
0x000000000ec1e000 	/System/Library/Frameworks/OpenGL.framework/Versions/A/OpenGL
0x000000000ec1e000 	/System/Library/Frameworks/CoreImage.framework/Versions/A/CoreImage
0x000000000ec1e000 	/System/Library/Frameworks/CoreText.framework/Versions/A/CoreText
0x000000000ec1e000 	/System/Library/Frameworks/ImageIO.framework/Versions/A/ImageIO
0x000000000ec1e000 	/System/Library/PrivateFrameworks/Backup.framework/Versions/A/Backup
0x000000000ec1e000 	/usr/lib/libarchive.2.dylib
0x000000000ec1e000 	/System/Library/Frameworks/CFNetwork.framework/Versions/A/CFNetwork
0x000000000ec1e000 	/System/Library/Frameworks/SystemConfiguration.framework/Versions/A/SystemConfiguration
0x000000000ec1e000 	/usr/lib/libCRFSuite.dylib
0x000000000ec1e000 	/usr/lib/libc++.1.dylib
0x000000000ec1e000 	/usr/lib/libc++abi.dylib
0x000000000ec1e000 	/usr/lib/system/libcache.dylib
0x000000000ec1e000 	/usr/lib/system/libcommonCrypto.dylib
0x000000000ec1e000 	/usr/lib/system/libcompiler_rt.dylib
0x000000000ec1e000 	/usr/lib/system/libcopyfile.dylib
0x000000000ec1e000 	/usr/lib/system/libcorecrypto.dylib
0x000000000ec1e000 	/usr/lib/system/libdispatch.dylib
0x000000000ec1e000 	/usr/lib/system/libdyld.dylib
0x000000000ec1e000 	/usr/lib/system/libkeymgr.dylib
0x000000000ec1e000 	/usr/lib/system/liblaunch.dylib
0x000000000ec1e000 	/usr/lib/system/libmacho.dylib
0x000000000ec1e000 	/usr/lib/system/libquarantine.dylib
0x000000000ec1e000 	/usr/lib/system/libremovefile.dylib
0x000000000ec1e000 	/usr/lib/system/libsystem_asl.dylib
0x000000000ec1e000 	/usr/lib/system/libsystem_blocks.dylib
0x000000000ec1e000 	/usr/lib/system/libsystem_c.dylib
0x000000000ec1e000 	/usr/lib/system/libsystem_configuration.dylib
0x000000000ec1e000 	/usr/lib/system/libsystem_coreservices.dylib
0x000000000ec1e000 	/usr/lib/system/libsystem_coretls.dylib
0x000000000ec1e000 	/usr/lib/system/libsystem_dnssd.dylib
0x000000000ec1e000 	/usr/lib/system/libsystem_info.dylib
0x000000000ec1e000 	/usr/lib/system/libsystem_kernel.dylib
0x000000000ec1e000 	/usr/lib/system/libsystem_m.dylib
0x000000000ec1e000 	/usr/lib/system/libsystem_malloc.dylib
0x000000000ec1e000 	/usr/lib/system/libsystem_network.dylib
0x000000000ec1e000 	/usr/lib/system/libsystem_networkextension.dylib
0x000000000ec1e000 	/usr/lib/system/libsystem_notify.dylib
0x000000000ec1e000 	/usr/lib/system/libsystem_platform.dylib
0x000000000ec1e000 	/usr/lib/system/libsystem_pthread.dylib
0x000000000ec1e000 	/usr/lib/system/libsystem_sandbox.dylib
0x000000000ec1e000 	/usr/lib/system/libsystem_secinit.dylib
0x000000000ec1e000 	/usr/lib/system/libsystem_symptoms.dylib
0x000000000ec1e000 	/usr/lib/system/libsystem_trace.dylib
0x000000000ec1e000 	/usr/lib/system/libunwind.dylib
0x000000000ec1e000 	/usr/lib/system/libxpc.dylib
0x000000000ec1e000 	/usr/lib/libbsm.0.dylib
0x000000000ec1e000 	/usr/lib/system/libkxld.dylib
0x000000000ec1e000 	/usr/lib/libcoretls.dylib
0x000000000ec1e000 	/usr/lib/libcoretls_cfhelpers.dylib
0x000000000ec1e000 	/usr/lib/libxar.1.dylib
0x000000000ec1e000 	/usr/lib/libsqlite3.dylib
0x000000000ec1e000 	/usr/lib/libpam.2.dylib
0x000000000ec1e000 	/usr/lib/libOpenScriptingUtil.dylib
0x000000000ec1e000 	/usr/lib/libbz2.1.0.dylib
0x000000000ec1e000 	/usr/lib/liblzma.5.dylib
0x000000000ec1e000 	/usr/lib/libnetwork.dylib
0x000000000ec1e000 	/usr/lib/libpcap.A.dylib
0x000000000ec1e000 	/System/Library/Frameworks/CoreServices.framework/Versions/A/Frameworks/FSEvents.framework/Versions/A/FSEvents
0x000000000ec1e000 	/System/Library/Frameworks/CoreServices.framework/Versions/A/Frameworks/CarbonCore.framework/Versions/A/CarbonCore
0x000000000ec1e000 	/System/Library/Frameworks/CoreServices.framework/Versions/A/Frameworks/Metadata.framework/Versions/A/Metadata
0x000000000ec1e000 	/System/Library/Frameworks/CoreServices.framework/Versions/A/Frameworks/OSServices.framework/Versions/A/OSServices
0x000000000ec1e000 	/System/Library/Frameworks/CoreServices.framework/Versions/A/Frameworks/SearchKit.framework/Versions/A/SearchKit
0x000000000ec1e000 	/System/Library/Frameworks/CoreServices.framework/Versions/A/Frameworks/AE.framework/Versions/A/AE
0x000000000ec1e000 	/System/Library/Frameworks/CoreServices.framework/Versions/A/Frameworks/LaunchServices.framework/Versions/A/LaunchServices
0x000000000ec1e000 	/System/Library/Frameworks/CoreServices.framework/Versions/A/Frameworks/DictionaryServices.framework/Versions/A/DictionaryServices
0x000000000ec1e000 	/System/Library/Frameworks/CoreServices.framework/Versions/A/Frameworks/SharedFileList.framework/Versions/A/SharedFileList
0x000000000ec1e000 	/System/Library/Frameworks/NetFS.framework/Versions/A/NetFS
0x000000000ec1e000 	/System/Library/PrivateFrameworks/NetAuth.framework/Versions/A/NetAuth
0x000000000ec1e000 	/System/Library/PrivateFrameworks/login.framework/Versions/A/Frameworks/loginsupport.framework/Versions/A/loginsupport
0x000000000ec1e000 	/System/Library/PrivateFrameworks/TCC.framework/Versions/A/TCC
0x000000000ec1e000 	/usr/lib/libmecabra.dylib
0x000000000ec1e000 	/System/Library/Frameworks/ApplicationServices.framework/Versions/A/Frameworks/ATS.framework/Versions/A/ATS
0x000000000ec1e000 	/System/Library/Frameworks/ApplicationServices.framework/Versions/A/Frameworks/ColorSync.framework/Versions/A/ColorSync
0x000000000ec1e000 	/System/Library/Frameworks/ApplicationServices.framework/Versions/A/Frameworks/HIServices.framework/Versions/A/HIServices
0x000000000ec1e000 	/System/Library/Frameworks/ApplicationServices.framework/Versions/A/Frameworks/LangAnalysis.framework/Versions/A/LangAnalysis
0x000000000ec1e000 	/System/Library/Frameworks/ApplicationServices.framework/Versions/A/Frameworks/PrintCore.framework/Versions/A/PrintCore
0x000000000ec1e000 	/System/Library/Frameworks/ApplicationServices.framework/Versions/A/Frameworks/QD.framework/Versions/A/QD
0x000000000ec1e000 	/System/Library/Frameworks/ApplicationServices.framework/Versions/A/Frameworks/SpeechSynthesis.framework/Versions/A/SpeechSynthesis
0x000000000ec1e000 	/System/Library/Frameworks/Accelerate.framework/Versions/A/Frameworks/vImage.framework/Versions/A/vImage
0x000000000ec1e000 	/System/Library/Frameworks/Accelerate.framework/Versions/A/Frameworks/vecLib.framework/Versions/A/vecLib
0x000000000ec1e000 	/System/Library/Frameworks/Accelerate.framework/Versions/A/Frameworks/vecLib.framework/Versions/A/libvDSP.dylib
0x000000000ec1e000 	/System/Library/Frameworks/Accelerate.framework/Versions/A/Frameworks/vecLib.framework/Versions/A/libBNNS.dylib
0x000000000ec1e000 	/System/Library/Frameworks/Accelerate.framework/Versions/A/Frameworks/vecLib.framework/Versions/A/libQuadrature.dylib
0x000000000ec1e000 	/System/Library/Frameworks/Accelerate.framework/Versions/A/Frameworks/vecLib.framework/Versions/A/libvMisc.dylib
0x000000000ec1e000 	/System/Library/Frameworks/Accelerate.framework/Versions/A/Frameworks/vecLib.framework/Versions/A/libLAPACK.dylib
0x000000000ec1e000 	/System/Library/Frameworks/Accelerate.framework/Versions/A/Frameworks/vecLib.framework/Versions/A/libBLAS.dylib
0x000000000ec1e000 	/System/Library/Frameworks/Accelerate.framework/Versions/A/Frameworks/vecLib.framework/Versions/A/libLinearAlgebra.dylib
0x000000000ec1e000 	/System/Library/Frameworks/Accelerate.framework/Versions/A/Frameworks/vecLib.framework/Versions/A/libSparseBLAS.dylib
0x000000000ec1e000 	/System/Library/Frameworks/ApplicationServices.framework/Versions/A/Frameworks/ATS.framework/Versions/A/Resources/libFontParser.dylib
0x000000000ec1e000 	/System/Library/Frameworks/ApplicationServices.framework/Versions/A/Frameworks/ATS.framework/Versions/A/Resources/libFontRegistry.dylib
0x000000000ec1e000 	/System/Library/Frameworks/ImageIO.framework/Versions/A/Resources/libJPEG.dylib
0x000000000ec1e000 	/System/Library/Frameworks/ImageIO.framework/Versions/A/Resources/libTIFF.dylib
0x000000000ec1e000 	/System/Library/Frameworks/ImageIO.framework/Versions/A/Resources/libPng.dylib
0x000000000ec1e000 	/System/Library/Frameworks/ImageIO.framework/Versions/A/Resources/libGIF.dylib
0x000000000ec1e000 	/System/Library/Frameworks/ImageIO.framework/Versions/A/Resources/libJP2.dylib
0x000000000ec1e000 	/System/Library/Frameworks/ImageIO.framework/Versions/A/Resources/libRadiance.dylib
0x000000000ec1e000 	/usr/lib/libcompression.dylib
0x000000000ec1e000 	/System/Library/PrivateFrameworks/AppleJPEG.framework/Versions/A/AppleJPEG
0x000000000ec1e000 	/usr/lib/libcups.2.dylib
0x000000000ec1e000 	/System/Library/Frameworks/Kerberos.framework/Versions/A/Kerberos
0x000000000ec1e000 	/System/Library/Frameworks/GSS.framework/Versions/A/GSS
0x000000000ec1e000 	/usr/lib/libresolv.9.dylib
0x000000000ec1e000 	/usr/lib/libiconv.2.dylib
0x000000000ec1e000 	/System/Library/PrivateFrameworks/Heimdal.framework/Versions/A/Heimdal
0x000000000ec1e000 	/usr/lib/libheimdal-asn1.dylib
0x000000000ec1e000 	/System/Library/Frameworks/OpenDirectory.framework/Versions/A/OpenDirectory
0x000000000ec1e000 	/System/Library/PrivateFrameworks/CommonAuth.framework/Versions/A/CommonAuth
0x000000000ec1e000 	/System/Library/Frameworks/OpenDirectory.framework/Versions/A/Frameworks/CFOpenDirectory.framework/Versions/A/CFOpenDirectory
0x000000000ec1e000 	/System/Library/Frameworks/SecurityFoundation.framework/Versions/A/SecurityFoundation
0x000000000ec1e000 	/System/Library/PrivateFrameworks/LanguageModeling.framework/Versions/A/LanguageModeling
0x000000000ec1e000 	/usr/lib/libmarisa.dylib
0x000000000ec1e000 	/usr/lib/libChineseTokenizer.dylib
0x000000000ec1e000 	/usr/lib/libcmph.dylib
0x000000000ec1e000 	/System/Library/PrivateFrameworks/CoreEmoji.framework/Versions/A/CoreEmoji
0x000000000ec1e000 	/System/Library/Frameworks/ServiceManagement.framework/Versions/A/ServiceManagement
0x000000000ec1e000 	/usr/lib/libxslt.1.dylib
0x000000000ec1e000 	/System/Library/Frameworks/Carbon.framework/Versions/A/Frameworks/Ink.framework/Versions/A/Ink
0x000000000ec1e000 	/System/Library/PrivateFrameworks/TextureIO.framework/Versions/A/TextureIO
0x000000000ec1e000 	/System/Library/Frameworks/Metal.framework/Versions/A/Metal
0x000000000ec1e000 	/usr/lib/libate.dylib
0x000000000ec1e000 	/System/Library/PrivateFrameworks/GPUCompiler.framework/libmetal_timestamp.dylib
0x000000000ec1e000 	/System/Library/Frameworks/OpenGL.framework/Versions/A/Libraries/libCoreFSCache.dylib
0x000000000ec1e000 	/System/Library/PrivateFrameworks/IOAccelerator.framework/Versions/A/IOAccelerator
0x000000000ec1e000 	/System/Library/Frameworks/CoreVideo.framework/Versions/A/CoreVideo
0x000000000ec1e000 	/usr/lib/libFosl_dynamic.dylib
0x000000000ec1e000 	/System/Library/PrivateFrameworks/MetalPerformanceShaders.framework/Versions/A/MetalPerformanceShaders
0x000000000ec1e000 	/System/Library/PrivateFrameworks/FaceCore.framework/Versions/A/FaceCore
0x000000000ec1e000 	/System/Library/Frameworks/OpenCL.framework/Versions/A/OpenCL
0x000000000ec1e000 	/System/Library/Frameworks/OpenGL.framework/Versions/A/Libraries/libGLU.dylib
0x000000000ec1e000 	/System/Library/Frameworks/OpenGL.framework/Versions/A/Libraries/libGFXShared.dylib
0x000000000ec1e000 	/System/Library/Frameworks/OpenGL.framework/Versions/A/Libraries/libGL.dylib
0x000000000ec1e000 	/System/Library/Frameworks/OpenGL.framework/Versions/A/Libraries/libGLImage.dylib
0x000000000ec1e000 	/System/Library/Frameworks/OpenGL.framework/Versions/A/Libraries/libCVMSPluginSupport.dylib
0x000000000ec1e000 	/System/Library/Frameworks/OpenGL.framework/Versions/A/Libraries/libCoreVMClient.dylib
0x000000000ec1e000 	/System/Library/PrivateFrameworks/CrashReporterSupport.framework/Versions/A/CrashReporterSupport
0x000000000ec1e000 	/System/Library/PrivateFrameworks/Sharing.framework/Versions/A/Sharing
0x000000000ec1e000 	/System/Library/PrivateFrameworks/IconServices.framework/Versions/A/IconServices
0x000000000ec1e000 	/System/Library/PrivateFrameworks/ProtocolBuffer.framework/Versions/A/ProtocolBuffer
0x000000000ec1e000 	/System/Library/PrivateFrameworks/Apple80211.framework/Versions/A/Apple80211
0x000000000ec1e000 	/System/Library/Frameworks/CoreWLAN.framework/Versions/A/CoreWLAN
0x000000000ec1e000 	/System/Library/PrivateFrameworks/CoreUtils.framework/Versions/A/CoreUtils
0x000000000ec1e000 	/System/Library/Frameworks/IOBluetooth.framework/Versions/A/IOBluetooth
0x000000000ec1e000 	/System/Library/PrivateFrameworks/CoreWiFi.framework/Versions/A/CoreWiFi
0x000000000ec1e000 	/System/Library/Frameworks/CoreBluetooth.framework/Versions/A/CoreBluetooth
0x000000000ec1e000 	/System/Library/Frameworks/CoreDisplay.framework/Versions/A/CoreDisplay
0x000000000ec1e000 	/System/Library/PrivateFrameworks/IOPresentment.framework/Versions/A/IOPresentment
0x000000000ec1e000 	/System/Library/PrivateFrameworks/DebugSymbols.framework/Versions/A/DebugSymbols
0x000000000ec1e000 	/System/Library/PrivateFrameworks/CoreSymbolication.framework/Versions/A/CoreSymbolication
0x000000000ec1e000 	/System/Library/PrivateFrameworks/Symbolication.framework/Versions/A/Symbolication
0x000000000ec1e000 	/System/Library/PrivateFrameworks/AppleFSCompression.framework/Versions/A/AppleFSCompression
0x000000000ec1e000 	/System/Library/PrivateFrameworks/SpeechRecognitionCore.framework/Versions/A/SpeechRecognitionCore
0x000000000ec1e000 	/System/Library/PrivateFrameworks/ChunkingLibrary.framework/Versions/A/ChunkingLibrary
0x0000000106e00000 	/Library/Java/JavaVirtualMachines/jdk1.8.0_91.jdk/Contents/Home/jre/lib/server/libjvm.dylib
0x000000000ec1e000 	/usr/lib/libstdc++.6.dylib
0x0000000105dc6000 	/Library/Java/JavaVirtualMachines/jdk1.8.0_91.jdk/Contents/Home/jre/lib/libverify.dylib
0x0000000107d94000 	/Library/Java/JavaVirtualMachines/jdk1.8.0_91.jdk/Contents/Home/jre/lib/libjava.dylib
0x0000000105dde000 	/Library/Java/JavaVirtualMachines/jdk1.8.0_91.jdk/Contents/Home/jre/lib/libzip.dylib
0x000000010be56000 	/System/Library/Frameworks/JavaVM.framework/Frameworks/JavaRuntimeSupport.framework/JavaRuntimeSupport
0x0000000105de7000 	/System/Library/Frameworks/JavaVM.framework/Versions/A/Frameworks/JavaNativeFoundation.framework/Versions/A/JavaNativeFoundation
0x000000010be70000 	/System/Library/Frameworks/JavaVM.framework/Versions/A/JavaVM
0x000000000ec1e000 	/System/Library/Frameworks/Carbon.framework/Versions/A/Carbon
0x000000010be7d000 	/System/Library/PrivateFrameworks/JavaLaunching.framework/Versions/A/JavaLaunching
0x000000000ec1e000 	/System/Library/Frameworks/Carbon.framework/Versions/A/Frameworks/CommonPanels.framework/Versions/A/CommonPanels
0x000000000ec1e000 	/System/Library/Frameworks/Carbon.framework/Versions/A/Frameworks/Help.framework/Versions/A/Help
0x000000000ec1e000 	/System/Library/Frameworks/Carbon.framework/Versions/A/Frameworks/ImageCapture.framework/Versions/A/ImageCapture
0x000000000ec1e000 	/System/Library/Frameworks/Carbon.framework/Versions/A/Frameworks/OpenScripting.framework/Versions/A/OpenScripting
0x000000000ec1e000 	/System/Library/Frameworks/Carbon.framework/Versions/A/Frameworks/Print.framework/Versions/A/Print
0x000000000ec1e000 	/System/Library/Frameworks/Carbon.framework/Versions/A/Frameworks/SecurityHI.framework/Versions/A/SecurityHI
0x000000010d7fa000 	/Library/Java/JavaVirtualMachines/jdk1.8.0_91.jdk/Contents/Home/jre/lib/libawt.dylib
0x000000010d8a2000 	/Library/Java/JavaVirtualMachines/jdk1.8.0_91.jdk/Contents/Home/jre/lib/./libmlib_image.dylib
0x000000010d96e000 	/Library/Java/JavaVirtualMachines/jdk1.8.0_91.jdk/Contents/Home/jre/lib/libawt_lwawt.dylib
0x000000010da23000 	/Library/Java/JavaVirtualMachines/jdk1.8.0_91.jdk/Contents/Home/jre/lib/./libosxapp.dylib
0x000000000ec1e000 	/System/Library/Frameworks/ExceptionHandling.framework/Versions/A/ExceptionHandling
0x000000000ec1e000 	/System/Library/PrivateFrameworks/CoreServicesInternal.framework/Versions/A/CoreServicesInternal
0x000000000ec1e000 	/System/Library/CoreServices/RawCamera.bundle/Contents/MacOS/RawCamera
0x000000000ec1e000 	/System/Library/Frameworks/Accelerate.framework/Versions/A/Frameworks/vImage.framework/Versions/A/Libraries/libCGInterfaces.dylib
0x000000000ec1e000 	/System/Library/Frameworks/ApplicationServices.framework/Versions/A/Frameworks/ATS.framework/Versions/A/Resources/libTrueTypeScaler.dylib
0x000000000ec1e000 	/System/Library/Frameworks/OpenGL.framework/Versions/A/Resources/GLEngine.bundle/GLEngine
0x000000000ec1e000 	/System/Library/Frameworks/OpenGL.framework/Versions/A/Libraries/libGLProgrammability.dylib
0x00000001268e9000 	/System/Library/Extensions/AppleIntelHD5000GraphicsGLDriver.bundle/Contents/MacOS/AppleIntelHD5000GraphicsGLDriver
0x000000000ec1e000 	/System/Library/PrivateFrameworks/GPUSupport.framework/Versions/A/Libraries/libGPUSupportMercury.dylib
0x000000000ec1e000 	/System/Library/Frameworks/OpenGL.framework/Versions/A/Resources/GLRendererFloat.bundle/GLRendererFloat
0x000000000ec1e000 	/System/Library/Frameworks/OpenCL.framework/Versions/A/Libraries/libcldcpuengine.dylib
0x000000000ec1e000 	/usr/lib/libcrypto.0.9.8.dylib
0x000000000ec1e000 	/System/Library/PrivateFrameworks/TrustEvaluationAgent.framework/Versions/A/TrustEvaluationAgent
0x000000010f4ee000 	/System/Library/Extensions/AppleIntelHD5000GraphicsMTLDriver.bundle/Contents/MacOS/AppleIntelHD5000GraphicsMTLDriver
0x000000000ec1e000 	/System/Library/PrivateFrameworks/FamilyControls.framework/Versions/A/FamilyControls
0x000000000ec1e000 	/System/Library/PrivateFrameworks/CommerceKit.framework/Versions/A/Frameworks/CommerceCore.framework/Versions/A/CommerceCore
0x000000000ec1e000 	/System/Library/PrivateFrameworks/SystemAdministration.framework/Versions/A/SystemAdministration
0x000000000ec1e000 	/System/Library/PrivateFrameworks/AppContainer.framework/Versions/A/AppContainer
0x000000000ec1e000 	/System/Library/PrivateFrameworks/SecCodeWrapper.framework/Versions/A/SecCodeWrapper
0x000000000ec1e000 	/System/Library/Frameworks/DirectoryService.framework/Versions/A/DirectoryService
0x000000000ec1e000 	/System/Library/PrivateFrameworks/DiskImages.framework/Versions/A/DiskImages
0x000000000ec1e000 	/System/Library/PrivateFrameworks/LoginUIKit.framework/Versions/A/Frameworks/LoginUICore.framework/Versions/A/LoginUICore
0x000000000ec1e000 	/usr/lib/libCoreStorage.dylib
0x000000000ec1e000 	/usr/lib/libcsfde.dylib
0x000000000ec1e000 	/usr/lib/libodfde.dylib
0x000000000ec1e000 	/System/Library/Frameworks/DiscRecording.framework/Versions/A/DiscRecording
0x000000000ec1e000 	/usr/lib/libcurl.4.dylib
0x000000000ec1e000 	/System/Library/PrivateFrameworks/MediaKit.framework/Versions/A/MediaKit
0x000000000ec1e000 	/System/Library/PrivateFrameworks/ProtectedCloudStorage.framework/Versions/A/ProtectedCloudStorage
0x000000000ec1e000 	/System/Library/PrivateFrameworks/EFILogin.framework/Versions/A/EFILogin
0x000000000ec1e000 	/usr/lib/libutil.dylib
0x000000000ec1e000 	/System/Library/Frameworks/LDAP.framework/Versions/A/LDAP
0x000000000ec1e000 	/usr/lib/libsasl2.2.dylib
0x000000000ec1e000 	/System/Library/PrivateFrameworks/CoreDaemon.framework/Versions/B/CoreDaemon
0x000000000ec1e000 	/System/Library/PrivateFrameworks/AppleSRP.framework/Versions/A/AppleSRP
0x000000000ec1e000 	/System/Library/PrivateFrameworks/APFS.framework/Versions/A/APFS
0x0000000128044000 	/Library/Java/JavaVirtualMachines/jdk1.8.0_91.jdk/Contents/Home/jre/lib/libfontmanager.dylib
0x0000000128b0f000 	/Library/Java/JavaVirtualMachines/jdk1.8.0_91.jdk/Contents/Home/jre/lib/libosxui.dylib
0x000000000ec1e000 	/System/Library/PrivateFrameworks/ViewBridge.framework/Versions/A/ViewBridge
0x000000000ec1e000 	/System/Library/PrivateFrameworks/XPCService.framework/Versions/A/XPCService
0x000000000ec1e000 	/System/Library/PrivateFrameworks/AppSandbox.framework/Versions/A/AppSandbox
0x000000000ec1e000 	/usr/lib/libsandbox.1.dylib
0x000000000ec1e000 	/usr/lib/libMatch.1.dylib
0x000000012adf1000 	/Library/Java/JavaVirtualMachines/jdk1.8.0_91.jdk/Contents/Home/jre/lib/libnet.dylib
0x000000012ae50000 	/Library/Java/JavaVirtualMachines/jdk1.8.0_91.jdk/Contents/Home/jre/lib/libnio.dylib
0x00000001957d8000 	/Library/Java/JavaVirtualMachines/jdk1.8.0_91.jdk/Contents/Home/jre/lib/libsunec.dylib
0x0000000195800000 	/Library/Java/JavaVirtualMachines/jdk1.8.0_91.jdk/Contents/Home/jre/lib/libmanagement.dylib
0x000000010e2d2000 	/Library/Java/JavaVirtualMachines/jdk1.8.0_91.jdk/Contents/Home/jre/lib/libdcpr.dylib

VM Arguments:
java_command: /opt/mflux/bin/aterm.jar
java_class_path (initial): /opt/mflux/bin/aterm.jar
Launcher Type: SUN_STANDARD

Environment Variables:
JAVA_HOME=/Library/Java/JavaVirtualMachines/jdk8/Contents/Home
PATH=/opt/ant/bin:/Users/wliu5/Dropbox/bin:/Library/Java/JavaVirtualMachines/jdk8/Contents/Home/bin:/usr/local/bin:/usr/bin:/bin:/usr/sbin:/sbin:/opt/maven/bin:/opt/dcmtools/bin:/opt/bfg:/opt/iperf:/opt/daris-client:/opt/upload-demo:/opt/bionics-client
SHELL=/bin/bash

Signal Handlers:
SIGSEGV: [libjvm.dylib+0x5a97a1], sa_mask[0]=11111111011111110111111111111111, sa_flags=SA_ONSTACK|SA_RESTART|SA_SIGINFO
SIGBUS: [libjvm.dylib+0x5a97a1], sa_mask[0]=11111111011111110111111111111111, sa_flags=SA_RESTART|SA_SIGINFO
SIGFPE: [libjvm.dylib+0x482594], sa_mask[0]=11111111011111110111111111111111, sa_flags=SA_RESTART|SA_SIGINFO
SIGPIPE: [libjvm.dylib+0x482594], sa_mask[0]=11111111011111110111111111111111, sa_flags=SA_RESTART|SA_SIGINFO
SIGXFSZ: [libjvm.dylib+0x482594], sa_mask[0]=11111111011111110111111111111111, sa_flags=SA_RESTART|SA_SIGINFO
SIGILL: [libjvm.dylib+0x482594], sa_mask[0]=11111111011111110111111111111111, sa_flags=SA_RESTART|SA_SIGINFO
SIGUSR1: SIG_DFL, sa_mask[0]=11011111011111100000000111000110, sa_flags=none
SIGUSR2: [libjvm.dylib+0x4820b2], sa_mask[0]=00000000000000000000000000000000, sa_flags=SA_RESTART|SA_SIGINFO
SIGHUP: [libjvm.dylib+0x480689], sa_mask[0]=11111111011111110111111111111111, sa_flags=SA_RESTART|SA_SIGINFO
SIGINT: SIG_IGN, sa_mask[0]=00000000000000000000000000000000, sa_flags=none
SIGTERM: [libjvm.dylib+0x480689], sa_mask[0]=11111111011111110111111111111111, sa_flags=SA_RESTART|SA_SIGINFO
SIGQUIT: [libjvm.dylib+0x480689], sa_mask[0]=11111111011111110111111111111111, sa_flags=SA_RESTART|SA_SIGINFO


---------------  S Y S T E M  ---------------

OS:Bsduname:Darwin 16.4.0 Darwin Kernel Version 16.4.0: Thu Dec 22 22:53:21 PST 2016; root:xnu-3789.41.3~3/RELEASE_X86_64 x86_64
rlimit: STACK 8192k, CORE 0k, NPROC 709, NOFILE 10240, AS infinity
load average:2.02 1.85 1.79

CPU:total 8 (4 cores per cpu, 2 threads per core) family 6 model 70 stepping 1, cmov, cx8, fxsr, mmx, sse, sse2, sse3, ssse3, sse4.1, sse4.2, popcnt, avx, avx2, aes, clmul, erms, lzcnt, ht, tsc, tscinvbit, bmi1, bmi2

Memory: 4k page, physical 16777216k(2979156k free)

/proc/meminfo:


vm_info: Java HotSpot(TM) 64-Bit Server VM (25.91-b14) for bsd-amd64 JRE (1.8.0_91-b14), built on Apr  1 2016 01:03:00 by "java_re" with gcc 4.2.1 (Based on Apple Inc. build 5658) (LLVM build 2336.11.00)

time: Tue Mar  7 12:49:39 2017
elapsed time: 128520 seconds (1d 11h 42m 0s)

